\BOOKMARK [0][-]{chapter.1}{Introduction}{}% 1
\BOOKMARK [0][-]{chapter.2}{Related work}{}% 2
\BOOKMARK [0][-]{chapter.3}{Design \046 Implementation}{}% 3
\BOOKMARK [1][-]{section.3.1}{Clustering}{chapter.3}% 4
\BOOKMARK [2][-]{subsection.3.1.1}{Nearest Neighbour - Average Data}{section.3.1}% 5
\BOOKMARK [2][-]{subsection.3.1.2}{Offline K-Means}{section.3.1}% 6
\BOOKMARK [2][-]{subsection.3.1.3}{Online K-Means}{section.3.1}% 7
\BOOKMARK [2][-]{subsection.3.1.4}{ART}{section.3.1}% 8
\BOOKMARK [2][-]{subsection.3.1.5}{Silhouette}{section.3.1}% 9
\BOOKMARK [1][-]{section.3.2}{Query Space Clustering}{chapter.3}% 10
\BOOKMARK [2][-]{subsection.3.2.1}{Original Query Generation}{section.3.2}% 11
\BOOKMARK [2][-]{subsection.3.2.2}{Pre-define Data Subspaces by Interest Points}{section.3.2}% 12
\BOOKMARK [2][-]{subsection.3.2.3}{Select a Subspace and Generate a Query}{section.3.2}% 13
\BOOKMARK [2][-]{subsection.3.2.4}{Online Quantization}{section.3.2}% 14
\BOOKMARK [1][-]{section.3.3}{Prediction}{chapter.3}% 15
\BOOKMARK [2][-]{subsection.3.3.1}{Mapping query and output data}{section.3.3}% 16
\BOOKMARK [2][-]{subsection.3.3.2}{Learning algorithm}{section.3.3}% 17
\BOOKMARK [2][-]{subsection.3.3.3}{Prediction algorithm}{section.3.3}% 18
\BOOKMARK [0][-]{chapter.4}{Evaluation}{}% 19
\BOOKMARK [1][-]{section.4.1}{Silhouette}{chapter.4}% 20
\BOOKMARK [1][-]{section.4.2}{Error}{chapter.4}% 21
\BOOKMARK [0][-]{chapter.5}{Conclusion}{}% 22
\BOOKMARK [1][-]{section.5.1}{Contributions}{chapter.5}% 23
